{
  "stats": {
    "suites": 1,
    "tests": 1,
    "passes": 1,
    "pending": 0,
    "failures": 0,
    "start": "2026-07-09T21:18:59.446Z",
    "end": "2026-07-09T21:19:34.853Z",
    "duration": 35407,
    "testsRegistered": 1,
    "passPercent": 100,
    "pendingPercent": 0,
    "other": 0,
    "hasOther": false,
    "skipped": 0,
    "hasSkipped": false
  },
  "results": [
    {
      "uuid": "d538c31b-633f-401c-8898-8df1426b6476",
      "title": "",
      "fullFile": "cypress\\e2e\\parcours.cy.js",
      "file": "cypress\\e2e\\parcours.cy.js",
      "beforeHooks": [],
      "afterHooks": [],
      "tests": [],
      "suites": [
        {
          "uuid": "3a5bede9-cce9-4856-b17e-f7a8aae7f293",
          "title": "authentification",
          "fullFile": "",
          "file": "",
          "beforeHooks": [],
          "afterHooks": [],
          "tests": [
            {
              "title": "inscription",
              "fullTitle": "authentification inscription",
              "timedOut": null,
              "duration": 31504,
              "state": "passed",
              "speed": "slow",
              "pass": true,
              "fail": false,
              "pending": false,
              "context": null,
              "code": "cy.intercept('POST', '**/signup').as('signup');\ncy.get('.modal__form').click();\ncy.get('#newEmail').type(`${email}@gmail.com`);\ncy.contains('.btn.btn-black.margin__large.btn-size-large', 'Inscription').click();\ncy.url().should('include', '/signup');\ncy.get('#customer_firstName').type('Amal');\ncy.get('#customer_lastName').type('Amal');\ncy.get('#customer_emailConfirm').type(`${email}@gmail.com`);\ncy.get('#customer_password').type('Password123!');\ncy.get('#customer_birthday').type('05051995', {\n  force: true\n});\ncy.get('#legalmentions').click();\ncy.get('#submitBtn').click();\ncy.get('#menu-button-open').click();\ncy.contains('.nav-link', 'acheter').click();\ncy.get('.btn.btn-red.btn-size-small.text__semi-bold.color__white.btn-annual.add-to-cart ').click();\ncy.get('#user_input_autocomplete_address').type('10 Rue de Rivoli, Paris');\ncy.contains('Paris').should('be.visible').click();\ncy.get('#subscription_deliveryContact_phoneNumber').type('12345678910');\ncy.get('#submit-creation-form').click();\ncy.url().should('include', '/order/personal/validation/');\ncy.get('.remember-me.paragraph.txt-line-h').click();\ncy.get('#submit-validation-form').click();",
              "err": {},
              "uuid": "fb2d94d9-408c-440b-94ea-e1a82d6704a8",
              "parentUUID": "3a5bede9-cce9-4856-b17e-f7a8aae7f293",
              "isHook": false,
              "skipped": false
            }
          ],
          "suites": [],
          "passes": [
            "fb2d94d9-408c-440b-94ea-e1a82d6704a8"
          ],
          "failures": [],
          "pending": [],
          "skipped": [],
          "duration": 31504,
          "root": false,
          "rootEmpty": false,
          "_timeout": 2000
        }
      ],
      "passes": [],
      "failures": [],
      "pending": [],
      "skipped": [],
      "duration": 0,
      "root": true,
      "rootEmpty": true,
      "_timeout": 2000
    }
  ],
  "meta": {
    "mocha": {
      "version": "7.2.0"
    },
    "mochawesome": {
      "options": {
        "quiet": false,
        "reportFilename": "mochawesome",
        "saveHtml": false,
        "saveJson": true,
        "consoleReporter": "spec",
        "useInlineDiffs": false,
        "code": true
      },
      "version": "7.1.4"
    },
    "marge": {
      "options": {
        "reportDir": "cypress/reports/mochawesome",
        "overwrite": false,
        "html": false,
        "json": true
      },
      "version": "6.3.2"
    }
  }
}